<?xml version="1.0" encoding="UTF-8"?>
<!-- Generated by org.testng.reporters.JUnitReportReporter -->
<testsuite skipped="0" hostname="DESKTOP-PEN6JBJ" name="com.automationFramework.TestForBrokenLinks" tests="1" failures="0" timestamp="06 May 2019 04:54:26 GMT" time="5.997" errors="0">
  <testcase name="CheckLinks" time="5.997" classname="com.automationFramework.TestForBrokenLinks"/>
</testsuite> <!-- com.automationFramework.TestForBrokenLinks -->
