<?xml version="1.0" encoding="UTF-8"?>
<!-- Generated by org.testng.reporters.JUnitReportReporter -->
<testsuite skipped="0" hostname="DESKTOP-PEN6JBJ" name="com.automationFramework.LoanApplication" tests="1" failures="0" timestamp="05 May 2019 18:49:17 GMT" time="7.786" errors="0">
  <testcase name="ApplyLoan" time="7.786" classname="com.automationFramework.LoanApplication"/>
</testsuite> <!-- com.automationFramework.LoanApplication -->
