<?xml version="1.0" encoding="UTF-8"?>
<!-- Generated by org.testng.reporters.JUnitReportReporter -->
<testsuite skipped="0" hostname="DESKTOP-PEN6JBJ" name="com.automationFramework.EmailHelper" tests="1" failures="0" timestamp="06 May 2019 15:00:50 GMT" time="3.593" errors="0">
  <testcase name="checkMail" time="3.593" classname="com.automationFramework.EmailHelper"/>
</testsuite> <!-- com.automationFramework.EmailHelper -->
